host: DESKTOP-ADLEJL2
Building DAG of jobs...
Provided cores: 8
Rules claiming more threads will be scaled down.
Job stats:
job             count
------------  -------
all                 1
create_first        3
downsample          2
total               6

Select jobs to execute...
Execute 3 jobs...

[Mon Dec 16 11:04:36 2024]
localrule downsample:
    input: ../../raw_data/wendisch_et_al_final/oli_github/Monocytes.Rds
    output: intermediate_data/small_seurat_102_obj.rds
    jobid: 4
    reason: Missing output files: intermediate_data/small_seurat_102_obj.rds
    wildcards: size=102
    resources: tmpdir=C:\Users\Danne\AppData\Local\Temp


[Mon Dec 16 11:04:36 2024]
localrule downsample:
    input: ../../raw_data/wendisch_et_al_final/oli_github/Monocytes.Rds
    output: intermediate_data/small_seurat_101_obj.rds
    jobid: 2
    reason: Missing output files: intermediate_data/small_seurat_101_obj.rds
    wildcards: size=101
    resources: tmpdir=C:\Users\Danne\AppData\Local\Temp


[Mon Dec 16 11:04:36 2024]
localrule create_first:
    input: user_input.xlsx, intermediate_data/small_seurat_103_obj.rds
    output: intermediate_data/filtered_small_seurat_103_obj.rds, output/reports/filtered_small_seurat_103_obj.html
    jobid: 5
    reason: Missing output files: output/reports/filtered_small_seurat_103_obj.html
    wildcards: size=103
    resources: tmpdir=C:\Users\Danne\AppData\Local\Temp

[Mon Dec 16 11:04:54 2024]
Finished job 5.
1 of 6 steps (17%) done
[Mon Dec 16 11:04:56 2024]
Error in rule downsample:
    jobid: 2
    input: ../../raw_data/wendisch_et_al_final/oli_github/Monocytes.Rds
    output: intermediate_data/small_seurat_101_obj.rds
    shell:
        quarto render 1_first.qmd -P downsample_size=101
        (one of the commands exited with non-zero exit code; note that snakemake uses bash strict mode!)

[Mon Dec 16 11:04:56 2024]
Error in rule downsample:
    jobid: 4
    input: ../../raw_data/wendisch_et_al_final/oli_github/Monocytes.Rds
    output: intermediate_data/small_seurat_102_obj.rds
    shell:
        quarto render 1_first.qmd -P downsample_size=102
        (one of the commands exited with non-zero exit code; note that snakemake uses bash strict mode!)

Removing output files of failed job downsample since they might be corrupted:
intermediate_data/small_seurat_102_obj.rds
Shutting down, this might take some time.
Exiting because a job execution failed. Look above for error message
Complete log: .snakemake\log\2024-12-16T110436.876994.snakemake.log
WorkflowError:
At least one job did not complete successfully.
