host: DESKTOP-ADLEJL2
Building DAG of jobs...
Provided cores: 4
Rules claiming more threads will be scaled down.
Job stats:
job             count
------------  -------
all                 1
create_first        3
downsample          2
total               6

Select jobs to execute...
Execute 3 jobs...

[Mon Dec 16 13:16:36 2024]
localrule create_first:
    input: user_input.xlsx, intermediate_data/small_seurat_101_obj.rds
    output: intermediate_data/filtered_small_seurat_101_obj.rds, output/reports/filtered_small_seurat_101_obj.html
    jobid: 1
    reason: Missing output files: intermediate_data/filtered_small_seurat_101_obj.rds, output/reports/filtered_small_seurat_101_obj.html; Code has changed since last execution
    wildcards: size=101
    resources: tmpdir=C:\Users\Danne\AppData\Local\Temp


[Mon Dec 16 13:16:36 2024]
localrule downsample:
    input: ../../raw_data/wendisch_et_al_final/oli_github/Monocytes.Rds
    output: intermediate_data/small_seurat_103_obj.rds
    jobid: 6
    reason: Missing output files: intermediate_data/small_seurat_103_obj.rds
    wildcards: size=103
    resources: tmpdir=C:\Users\Danne\AppData\Local\Temp


[Mon Dec 16 13:16:36 2024]
localrule downsample:
    input: ../../raw_data/wendisch_et_al_final/oli_github/Monocytes.Rds
    output: intermediate_data/small_seurat_102_obj.rds
    jobid: 4
    reason: Missing output files: intermediate_data/small_seurat_102_obj.rds
    wildcards: size=102
    resources: tmpdir=C:\Users\Danne\AppData\Local\Temp

Waiting at most 5 seconds for missing files.
MissingOutputException in rule create_first in file C:\Users\Danne\R_projects\quarto_reproducibility_workflow\Snakefile, line 23:
Job 1  completed successfully, but some output files are missing. Missing files after 5 seconds. This might be due to filesystem latency. If that is the case, consider to increase the wait time with --latency-wait:
intermediate_data/filtered_small_seurat_101_obj.rds (missing locally, parent dir contents: small_seurat_101_obj.rds)
output/reports/filtered_small_seurat_101_obj.html (missing locally, parent dir contents: 101_first.html)
Waiting at most 5 seconds for missing files.
MissingOutputException in rule downsample in file C:\Users\Danne\R_projects\quarto_reproducibility_workflow\Snakefile, line 10:
Job 6  completed successfully, but some output files are missing. Missing files after 5 seconds. This might be due to filesystem latency. If that is the case, consider to increase the wait time with --latency-wait:
intermediate_data/small_seurat_103_obj.rds (missing locally, parent dir contents: small_seurat_101_obj.rds)
Waiting at most 5 seconds for missing files.
MissingOutputException in rule downsample in file C:\Users\Danne\R_projects\quarto_reproducibility_workflow\Snakefile, line 10:
Job 4  completed successfully, but some output files are missing. Missing files after 5 seconds. This might be due to filesystem latency. If that is the case, consider to increase the wait time with --latency-wait:
intermediate_data/small_seurat_102_obj.rds (missing locally, parent dir contents: small_seurat_101_obj.rds)
Shutting down, this might take some time.
Exiting because a job execution failed. Look above for error message
Complete log: .snakemake\log\2024-12-16T131636.362323.snakemake.log
WorkflowError:
At least one job did not complete successfully.
