host: DESKTOP-ADLEJL2
Building DAG of jobs...
Provided cores: 1 (use --cores to define parallelism)
Rules claiming more threads will be scaled down.
Job stats:
job             count
------------  -------
all                 1
create_first        3
downsample          1
total               5

Select jobs to execute...
Execute 1 jobs...

[Fri Dec 13 15:57:57 2024]
localrule downsample:
    input: ../../raw_data/wendisch_et_al_final/oli_github/Monocytes.Rds
    output: intermediate_data/small_seurat_155_obj.rds
    jobid: 6
    reason: Missing output files: intermediate_data/small_seurat_155_obj.rds
    wildcards: size=155
    resources: tmpdir=C:\Users\Danne\AppData\Local\Temp

RuleException:
NameError in file C:\Users\Danne\R_projects\quarto_reproducibility_workflow\Snakefile, line 10:
The name 'size' is unknown in this context. Did you mean 'wildcards.size'?
[Fri Dec 13 15:57:57 2024]
Error in rule downsample:
    jobid: 6
    input: ../../raw_data/wendisch_et_al_final/oli_github/Monocytes.Rds
    output: intermediate_data/small_seurat_155_obj.rds

Shutting down, this might take some time.
Exiting because a job execution failed. Look above for error message
Complete log: .snakemake\log\2024-12-13T155757.249207.snakemake.log
WorkflowError:
At least one job did not complete successfully.
