host: DESKTOP-ADLEJL2
Building DAG of jobs...
Provided cores: 4
Rules claiming more threads will be scaled down.
Job stats:
job             count
------------  -------
all                 1
create_first        2
downsample          2
total               5

Select jobs to execute...
Execute 2 jobs...

[Mon Dec 16 14:06:43 2024]
localrule downsample:
    input: ../../raw_data/wendisch_et_al_final/oli_github/Monocytes.Rds
    output: intermediate_data/small_seurat_102_obj.rds
    jobid: 4
    reason: Missing output files: intermediate_data/small_seurat_102_obj.rds
    wildcards: size=102
    resources: tmpdir=C:\Users\Danne\AppData\Local\Temp


[Mon Dec 16 14:06:43 2024]
localrule downsample:
    input: ../../raw_data/wendisch_et_al_final/oli_github/Monocytes.Rds
    output: intermediate_data/small_seurat_101_obj.rds
    jobid: 2
    reason: Missing output files: intermediate_data/small_seurat_101_obj.rds
    wildcards: size=101
    resources: tmpdir=C:\Users\Danne\AppData\Local\Temp

[Mon Dec 16 14:06:44 2024]
Error in rule downsample:
    jobid: 2
    input: ../../raw_data/wendisch_et_al_final/oli_github/Monocytes.Rds
    output: intermediate_data/small_seurat_101_obj.rds
    shell:
        
      quarto render 101_first.qmd -P downsample_size=101       -o small_seurat_101_obj.html

      
        (one of the commands exited with non-zero exit code; note that snakemake uses bash strict mode!)

[Mon Dec 16 14:07:00 2024]
Finished job 4.
1 of 5 steps (20%) done
Shutting down, this might take some time.
Exiting because a job execution failed. Look above for error message
Complete log: .snakemake\log\2024-12-16T140643.735285.snakemake.log
WorkflowError:
At least one job did not complete successfully.
