host: DESKTOP-ADLEJL2
Building DAG of jobs...
Provided cores: 4
Rules claiming more threads will be scaled down.
Job stats:
job             count
------------  -------
all                 1
create_first        3
downsample          3
total               7

Select jobs to execute...
Execute 3 jobs...

[Mon Dec 16 11:28:34 2024]
localrule downsample:
    input: ../../raw_data/wendisch_et_al_final/oli_github/Monocytes.Rds
    output: intermediate_data/small_seurat_103_obj.rds
    jobid: 6
    reason: Missing output files: intermediate_data/small_seurat_103_obj.rds
    wildcards: size=103
    resources: tmpdir=C:\Users\Danne\AppData\Local\Temp

quarto render 1_first.qmd -P downsample_size=103

[Mon Dec 16 11:28:34 2024]
localrule downsample:
    input: ../../raw_data/wendisch_et_al_final/oli_github/Monocytes.Rds
    output: intermediate_data/small_seurat_102_obj.rds
    jobid: 4
    reason: Missing output files: intermediate_data/small_seurat_102_obj.rds
    wildcards: size=102
    resources: tmpdir=C:\Users\Danne\AppData\Local\Temp

quarto render 1_first.qmd -P downsample_size=102

[Mon Dec 16 11:28:34 2024]
localrule downsample:
    input: ../../raw_data/wendisch_et_al_final/oli_github/Monocytes.Rds
    output: intermediate_data/small_seurat_101_obj.rds
    jobid: 2
    reason: Missing output files: intermediate_data/small_seurat_101_obj.rds
    wildcards: size=101
    resources: tmpdir=C:\Users\Danne\AppData\Local\Temp

quarto render 1_first.qmd -P downsample_size=101
[Mon Dec 16 11:28:49 2024]
Error in rule downsample:
    jobid: 4
    input: ../../raw_data/wendisch_et_al_final/oli_github/Monocytes.Rds
    output: intermediate_data/small_seurat_102_obj.rds
    shell:
        quarto render 1_first.qmd -P downsample_size=102
        (one of the commands exited with non-zero exit code; note that snakemake uses bash strict mode!)

Removing output files of failed job downsample since they might be corrupted:
intermediate_data/small_seurat_102_obj.rds
[Mon Dec 16 11:28:51 2024]
Finished job 2.
1 of 7 steps (14%) done
[Mon Dec 16 11:28:54 2024]
Error in rule downsample:
    jobid: 6
    input: ../../raw_data/wendisch_et_al_final/oli_github/Monocytes.Rds
    output: intermediate_data/small_seurat_103_obj.rds
    shell:
        quarto render 1_first.qmd -P downsample_size=103
        (one of the commands exited with non-zero exit code; note that snakemake uses bash strict mode!)

Removing output files of failed job downsample since they might be corrupted:
intermediate_data/small_seurat_103_obj.rds
Shutting down, this might take some time.
Exiting because a job execution failed. Look above for error message
Complete log: .snakemake\log\2024-12-16T112834.910927.snakemake.log
WorkflowError:
At least one job did not complete successfully.
