host: DESKTOP-ADLEJL2
Building DAG of jobs...
Provided cores: 4
Rules claiming more threads will be scaled down.
Job stats:
job             count
------------  -------
all                 1
create_first        3
total               4

Select jobs to execute...
Execute 3 jobs...

[Mon Dec 16 15:22:44 2024]
localrule create_first:
    input: user_input.xlsx, intermediate_data/small_seurat_101_obj.rds
    output: intermediate_data/filtered_small_seurat_101_obj.rds, output/reports/filtered_small_seurat_101_obj.html
    jobid: 1
    reason: Missing output files: output/reports/filtered_small_seurat_101_obj.html, intermediate_data/filtered_small_seurat_101_obj.rds
    wildcards: size=101
    resources: tmpdir=C:\Users\Danne\AppData\Local\Temp


[Mon Dec 16 15:22:44 2024]
localrule create_first:
    input: user_input.xlsx, intermediate_data/small_seurat_102_obj.rds
    output: intermediate_data/filtered_small_seurat_102_obj.rds, output/reports/filtered_small_seurat_102_obj.html
    jobid: 2
    reason: Missing output files: output/reports/filtered_small_seurat_102_obj.html, intermediate_data/filtered_small_seurat_102_obj.rds
    wildcards: size=102
    resources: tmpdir=C:\Users\Danne\AppData\Local\Temp


[Mon Dec 16 15:22:45 2024]
localrule create_first:
    input: user_input.xlsx, intermediate_data/small_seurat_103_obj.rds
    output: intermediate_data/filtered_small_seurat_103_obj.rds, output/reports/filtered_small_seurat_103_obj.html
    jobid: 3
    reason: Missing output files: intermediate_data/filtered_small_seurat_103_obj.rds, output/reports/filtered_small_seurat_103_obj.html
    wildcards: size=103
    resources: tmpdir=C:\Users\Danne\AppData\Local\Temp

[Mon Dec 16 15:23:06 2024]
Finished job 3.
1 of 4 steps (25%) done
[Mon Dec 16 15:23:06 2024]
Finished job 2.
2 of 4 steps (50%) done
[Mon Dec 16 15:23:06 2024]
Finished job 1.
3 of 4 steps (75%) done
Select jobs to execute...
Execute 1 jobs...

[Mon Dec 16 15:23:06 2024]
localrule all:
    input: intermediate_data/filtered_small_seurat_101_obj.rds, intermediate_data/filtered_small_seurat_102_obj.rds, intermediate_data/filtered_small_seurat_103_obj.rds, output/reports/filtered_small_seurat_101_obj.html, output/reports/filtered_small_seurat_102_obj.html, output/reports/filtered_small_seurat_103_obj.html
    jobid: 0
    reason: Input files updated by another job: output/reports/filtered_small_seurat_101_obj.html, intermediate_data/filtered_small_seurat_101_obj.rds, output/reports/filtered_small_seurat_102_obj.html, intermediate_data/filtered_small_seurat_102_obj.rds, intermediate_data/filtered_small_seurat_103_obj.rds, output/reports/filtered_small_seurat_103_obj.html
    resources: tmpdir=C:\Users\Danne\AppData\Local\Temp

[Mon Dec 16 15:23:06 2024]
Finished job 0.
4 of 4 steps (100%) done
Complete log: .snakemake\log\2024-12-16T152244.969664.snakemake.log
