host: DESKTOP-ADLEJL2
Building DAG of jobs...
Provided cores: 8
Rules claiming more threads will be scaled down.
Job stats:
job             count
------------  -------
all                 1
create_first        1
total               2

Select jobs to execute...
Execute 1 jobs...

[Mon Dec 16 11:26:36 2024]
localrule create_first:
    input: user_input.xlsx, intermediate_data/small_seurat_102_obj.rds
    output: intermediate_data/filtered_small_seurat_102_obj.rds, output/reports/filtered_small_seurat_102_obj.html
    jobid: 3
    reason: Missing output files: intermediate_data/filtered_small_seurat_102_obj.rds
    wildcards: size=102
    resources: tmpdir=C:\Users\Danne\AppData\Local\Temp

[Mon Dec 16 11:27:14 2024]
Finished job 3.
1 of 2 steps (50%) done
Select jobs to execute...
Execute 1 jobs...

[Mon Dec 16 11:27:14 2024]
localrule all:
    input: intermediate_data/filtered_small_seurat_101_obj.rds, intermediate_data/filtered_small_seurat_102_obj.rds, intermediate_data/filtered_small_seurat_103_obj.rds, output/reports/filtered_small_seurat_101_obj.html, output/reports/filtered_small_seurat_102_obj.html, output/reports/filtered_small_seurat_103_obj.html
    jobid: 0
    reason: Input files updated by another job: intermediate_data/filtered_small_seurat_102_obj.rds, output/reports/filtered_small_seurat_102_obj.html
    resources: tmpdir=C:\Users\Danne\AppData\Local\Temp

[Mon Dec 16 11:27:14 2024]
Finished job 0.
2 of 2 steps (100%) done
Complete log: .snakemake\log\2024-12-16T112636.397624.snakemake.log
