host: DESKTOP-ADLEJL2
Building DAG of jobs...
Provided cores: 2
Rules claiming more threads will be scaled down.
Job stats:
job             count
------------  -------
all                 1
create_first        2
total               3

Select jobs to execute...
Execute 2 jobs...

[Fri Dec 13 18:07:33 2024]
localrule create_first:
    input: user_input.xlsx, intermediate_data/small_seurat_101_obj.rds
    output: intermediate_data/filtered_small_seurat_101_obj.rds, filtered_small_seurat_101_obj.html, foo_101
    jobid: 1
    reason: Missing output files: intermediate_data/filtered_small_seurat_101_obj.rds
    wildcards: size=101
    resources: tmpdir=C:\Users\Danne\AppData\Local\Temp


        mkdir foo_101 || true
        quarto render 2_second.qmd -P downsample_size=101           -o tmp.html --output-dir foo_101
        move foo_101/tmp.html filtered_small_seurat_101_obj.html
        

[Fri Dec 13 18:07:33 2024]
localrule create_first:
    input: user_input.xlsx, intermediate_data/small_seurat_103_obj.rds
    output: intermediate_data/filtered_small_seurat_103_obj.rds, filtered_small_seurat_103_obj.html, foo_103
    jobid: 5
    reason: Missing output files: intermediate_data/filtered_small_seurat_103_obj.rds
    wildcards: size=103
    resources: tmpdir=C:\Users\Danne\AppData\Local\Temp


        mkdir foo_103 || true
        quarto render 2_second.qmd -P downsample_size=103           -o tmp.html --output-dir foo_103
        move foo_103/tmp.html filtered_small_seurat_103_obj.html
        
Waiting at most 5 seconds for missing files.
MissingOutputException in rule create_first in file C:\Users\Danne\R_projects\quarto_reproducibility_workflow\Snakefile, line 15:
Job 1  completed successfully, but some output files are missing. Missing files after 5 seconds. This might be due to filesystem latency. If that is the case, consider to increase the wait time with --latency-wait:
intermediate_data/filtered_small_seurat_101_obj.rds (missing locally, parent dir contents: filtered_small_seurat_102_obj.rds, small_seurat_101_obj.rds, small_seurat_102_obj.rds, small_seurat_103_obj.rds)
filtered_small_seurat_101_obj.html (missing locally, parent dir not present)
Removing output files of failed job create_first since they might be corrupted:
foo_101
Waiting at most 5 seconds for missing files.
MissingOutputException in rule create_first in file C:\Users\Danne\R_projects\quarto_reproducibility_workflow\Snakefile, line 15:
Job 5  completed successfully, but some output files are missing. Missing files after 5 seconds. This might be due to filesystem latency. If that is the case, consider to increase the wait time with --latency-wait:
intermediate_data/filtered_small_seurat_103_obj.rds (missing locally, parent dir contents: filtered_small_seurat_102_obj.rds, small_seurat_101_obj.rds, small_seurat_102_obj.rds, small_seurat_103_obj.rds)
filtered_small_seurat_103_obj.html (missing locally, parent dir not present)
Removing output files of failed job create_first since they might be corrupted:
foo_103
Terminating processes on user request, this might take some time.
Complete log: .snakemake\log\2024-12-13T180733.830664.snakemake.log
WorkflowError:
At least one job did not complete successfully.
