host: DESKTOP-ADLEJL2
Building DAG of jobs...
Provided cores: 1 (use --cores to define parallelism)
Rules claiming more threads will be scaled down.
Job stats:
job             count
------------  -------
all                 1
create_first        1
total               2

Select jobs to execute...
Execute 1 jobs...

[Fri Dec 13 17:45:23 2024]
localrule create_first:
    input: user_input.xlsx, intermediate_data/small_seurat_103_obj.rds
    output: intermediate_data/filtered_small_seurat_103_obj.rds, filtered_small_seurat_103_obj.html
    jobid: 5
    reason: Missing output files: intermediate_data/filtered_small_seurat_103_obj.rds
    wildcards: size=103
    resources: tmpdir=C:\Users\Danne\AppData\Local\Temp


        quarto render 2_second.qmd -P downsample_size=103           -o filtered_small_seurat_103_obj.html
        
[Fri Dec 13 17:45:39 2024]
Finished job 5.
1 of 2 steps (50%) done
Select jobs to execute...
Execute 1 jobs...

[Fri Dec 13 17:45:39 2024]
localrule all:
    input: intermediate_data/filtered_small_seurat_101_obj.rds, intermediate_data/filtered_small_seurat_102_obj.rds, intermediate_data/filtered_small_seurat_103_obj.rds
    jobid: 0
    reason: Input files updated by another job: intermediate_data/filtered_small_seurat_103_obj.rds
    resources: tmpdir=C:\Users\Danne\AppData\Local\Temp

[Fri Dec 13 17:45:39 2024]
Finished job 0.
2 of 2 steps (100%) done
Complete log: .snakemake\log\2024-12-13T174523.734243.snakemake.log
