host: DESKTOP-ADLEJL2
Building DAG of jobs...
Provided cores: 4
Rules claiming more threads will be scaled down.
Job stats:
job             count
------------  -------
all                 1
create_first        3
downsample          2
total               6

Select jobs to execute...
Execute 3 jobs...

[Mon Dec 16 11:35:36 2024]
localrule create_first:
    input: user_input.xlsx, intermediate_data/small_seurat_101_obj.rds
    output: intermediate_data/filtered_small_seurat_101_obj.rds, output/reports/filtered_small_seurat_101_obj.html
    jobid: 1
    reason: Missing output files: intermediate_data/filtered_small_seurat_101_obj.rds, output/reports/filtered_small_seurat_101_obj.html
    wildcards: size=101
    resources: tmpdir=C:\Users\Danne\AppData\Local\Temp


[Mon Dec 16 11:35:36 2024]
localrule downsample:
    input: ../../raw_data/wendisch_et_al_final/oli_github/Monocytes.Rds
    output: intermediate_data/small_seurat_103_obj.rds
    jobid: 6
    reason: Missing output files: intermediate_data/small_seurat_103_obj.rds
    wildcards: size=103
    resources: tmpdir=C:\Users\Danne\AppData\Local\Temp


[Mon Dec 16 11:35:36 2024]
localrule downsample:
    input: ../../raw_data/wendisch_et_al_final/oli_github/Monocytes.Rds
    output: intermediate_data/small_seurat_102_obj.rds
    jobid: 4
    reason: Missing output files: intermediate_data/small_seurat_102_obj.rds
    wildcards: size=102
    resources: tmpdir=C:\Users\Danne\AppData\Local\Temp

[Mon Dec 16 11:35:54 2024]
Finished job 1.
1 of 6 steps (17%) done
[Mon Dec 16 11:35:55 2024]
Finished job 4.
2 of 6 steps (33%) done
Select jobs to execute...
Execute 1 jobs...

[Mon Dec 16 11:35:55 2024]
localrule create_first:
    input: user_input.xlsx, intermediate_data/small_seurat_102_obj.rds
    output: intermediate_data/filtered_small_seurat_102_obj.rds, output/reports/filtered_small_seurat_102_obj.html
    jobid: 3
    reason: Missing output files: intermediate_data/filtered_small_seurat_102_obj.rds, output/reports/filtered_small_seurat_102_obj.html; Input files updated by another job: intermediate_data/small_seurat_102_obj.rds
    wildcards: size=102
    resources: tmpdir=C:\Users\Danne\AppData\Local\Temp

[Mon Dec 16 11:35:57 2024]
Error in rule downsample:
    jobid: 6
    input: ../../raw_data/wendisch_et_al_final/oli_github/Monocytes.Rds
    output: intermediate_data/small_seurat_103_obj.rds
    shell:
        quarto render 1_first.qmd -P downsample_size=103
        (one of the commands exited with non-zero exit code; note that snakemake uses bash strict mode!)

Removing output files of failed job downsample since they might be corrupted:
intermediate_data/small_seurat_103_obj.rds
[Mon Dec 16 11:36:13 2024]
Finished job 3.
3 of 6 steps (50%) done
Shutting down, this might take some time.
Exiting because a job execution failed. Look above for error message
Complete log: .snakemake\log\2024-12-16T113536.112236.snakemake.log
WorkflowError:
At least one job did not complete successfully.
