host: DESKTOP-ADLEJL2
Building DAG of jobs...
Provided cores: 1 (use --cores to define parallelism)
Rules claiming more threads will be scaled down.
Job stats:
job             count
------------  -------
create_first        1
total               1

Select jobs to execute...
Execute 1 jobs...

[Fri Dec 13 17:44:51 2024]
localrule create_first:
    input: user_input.xlsx, intermediate_data/small_seurat_102_obj.rds
    output: intermediate_data/filtered_small_seurat_102_obj.rds, filtered_small_seurat_102_obj.html
    jobid: 0
    reason: Missing output files: intermediate_data/filtered_small_seurat_102_obj.rds
    wildcards: size=102
    resources: tmpdir=C:\Users\Danne\AppData\Local\Temp


        quarto render 2_second.qmd -P downsample_size=102           -o filtered_small_seurat_102_obj.html
        
[Fri Dec 13 17:45:07 2024]
Finished job 0.
1 of 1 steps (100%) done
Complete log: .snakemake\log\2024-12-13T174451.954366.snakemake.log
