host: DESKTOP-ADLEJL2
Building DAG of jobs...
Provided cores: 1 (use --cores to define parallelism)
Rules claiming more threads will be scaled down.
Job stats:
job             count
------------  -------
all                 1
create_first        2
total               3

Select jobs to execute...
Execute 1 jobs...

[Fri Dec 13 17:23:23 2024]
localrule create_first:
    input: user_input.xlsx, intermediate_data/small_seurat_102_obj.rds
    output: intermediate_data/filtered_small_seurat_102_obj.rds, filtered_small_seurat_102_obj.html, test_dir_102
    jobid: 3
    reason: Missing output files: intermediate_data/filtered_small_seurat_102_obj.rds
    wildcards: size=102
    resources: tmpdir=C:\Users\Danne\AppData\Local\Temp

Waiting at most 180 seconds for missing files.
Terminating processes on user request, this might take some time.
Complete log: .snakemake\log\2024-12-13T172323.550256.snakemake.log
WorkflowError:
At least one job did not complete successfully.
