host: DESKTOP-ADLEJL2
Building DAG of jobs...
Provided cores: 4
Rules claiming more threads will be scaled down.
Job stats:
job             count
------------  -------
all                 1
create_first        3
downsample          3
total               7

Select jobs to execute...
Execute 3 jobs...

[Mon Dec 16 13:11:22 2024]
localrule downsample:
    input: ../../raw_data/wendisch_et_al_final/oli_github/Monocytes.Rds
    output: intermediate_data/small_seurat_103_obj.rds
    jobid: 6
    reason: Missing output files: intermediate_data/small_seurat_103_obj.rds
    wildcards: size=103
    resources: tmpdir=C:\Users\Danne\AppData\Local\Temp


[Mon Dec 16 13:11:22 2024]
localrule downsample:
    input: ../../raw_data/wendisch_et_al_final/oli_github/Monocytes.Rds
    output: intermediate_data/small_seurat_102_obj.rds
    jobid: 4
    reason: Missing output files: intermediate_data/small_seurat_102_obj.rds; Code has changed since last execution
    wildcards: size=102
    resources: tmpdir=C:\Users\Danne\AppData\Local\Temp


[Mon Dec 16 13:11:22 2024]
localrule downsample:
    input: ../../raw_data/wendisch_et_al_final/oli_github/Monocytes.Rds
    output: intermediate_data/small_seurat_101_obj.rds
    jobid: 2
    reason: Missing output files: intermediate_data/small_seurat_101_obj.rds; Code has changed since last execution
    wildcards: size=101
    resources: tmpdir=C:\Users\Danne\AppData\Local\Temp

Waiting at most 5 seconds for missing files.
MissingOutputException in rule downsample in file C:\Users\Danne\R_projects\quarto_reproducibility_workflow\Snakefile, line 10:
Job 4  completed successfully, but some output files are missing. Missing files after 5 seconds. This might be due to filesystem latency. If that is the case, consider to increase the wait time with --latency-wait:
intermediate_data/small_seurat_102_obj.rds (missing locally, parent dir contents: )
Waiting at most 5 seconds for missing files.
MissingOutputException in rule downsample in file C:\Users\Danne\R_projects\quarto_reproducibility_workflow\Snakefile, line 10:
Job 2  completed successfully, but some output files are missing. Missing files after 5 seconds. This might be due to filesystem latency. If that is the case, consider to increase the wait time with --latency-wait:
intermediate_data/small_seurat_101_obj.rds (missing locally, parent dir contents: )
Waiting at most 5 seconds for missing files.
MissingOutputException in rule downsample in file C:\Users\Danne\R_projects\quarto_reproducibility_workflow\Snakefile, line 10:
Job 6  completed successfully, but some output files are missing. Missing files after 5 seconds. This might be due to filesystem latency. If that is the case, consider to increase the wait time with --latency-wait:
intermediate_data/small_seurat_103_obj.rds (missing locally, parent dir contents: )
Shutting down, this might take some time.
Exiting because a job execution failed. Look above for error message
Complete log: .snakemake\log\2024-12-16T131122.457545.snakemake.log
WorkflowError:
At least one job did not complete successfully.
