host: DESKTOP-ADLEJL2
Building DAG of jobs...
Provided cores: 2
Rules claiming more threads will be scaled down.
Job stats:
job             count
------------  -------
all                 1
create_first        2
total               3

Select jobs to execute...
Execute 2 jobs...

[Fri Dec 13 18:06:46 2024]
localrule create_first:
    input: user_input.xlsx, intermediate_data/small_seurat_101_obj.rds
    output: intermediate_data/filtered_small_seurat_101_obj.rds, filtered_small_seurat_101_obj.html, foo_101
    jobid: 1
    reason: Missing output files: intermediate_data/filtered_small_seurat_101_obj.rds
    wildcards: size=101
    resources: tmpdir=C:\Users\Danne\AppData\Local\Temp


        mkdir foo_101 || true
        pushd foo_101
        quarto render ../2_second.qmd -P downsample_size=101           -o tmp.html
        move tmp.html ../filtered_small_seurat_101_obj.html
        

[Fri Dec 13 18:06:46 2024]
localrule create_first:
    input: user_input.xlsx, intermediate_data/small_seurat_103_obj.rds
    output: intermediate_data/filtered_small_seurat_103_obj.rds, filtered_small_seurat_103_obj.html, foo_103
    jobid: 5
    reason: Missing output files: intermediate_data/filtered_small_seurat_103_obj.rds
    wildcards: size=103
    resources: tmpdir=C:\Users\Danne\AppData\Local\Temp


        mkdir foo_103 || true
        pushd foo_103
        quarto render ../2_second.qmd -P downsample_size=103           -o tmp.html
        move tmp.html ../filtered_small_seurat_103_obj.html
        
Waiting at most 5 seconds for missing files.
MissingOutputException in rule create_first in file C:\Users\Danne\R_projects\quarto_reproducibility_workflow\Snakefile, line 15:
Job 1  completed successfully, but some output files are missing. Missing files after 5 seconds. This might be due to filesystem latency. If that is the case, consider to increase the wait time with --latency-wait:
intermediate_data/filtered_small_seurat_101_obj.rds (missing locally, parent dir contents: filtered_small_seurat_102_obj.rds, small_seurat_101_obj.rds, small_seurat_102_obj.rds, small_seurat_103_obj.rds)
filtered_small_seurat_101_obj.html (missing locally, parent dir not present)
Removing output files of failed job create_first since they might be corrupted:
foo_101
Waiting at most 5 seconds for missing files.
MissingOutputException in rule create_first in file C:\Users\Danne\R_projects\quarto_reproducibility_workflow\Snakefile, line 15:
Job 5  completed successfully, but some output files are missing. Missing files after 5 seconds. This might be due to filesystem latency. If that is the case, consider to increase the wait time with --latency-wait:
intermediate_data/filtered_small_seurat_103_obj.rds (missing locally, parent dir contents: filtered_small_seurat_102_obj.rds, small_seurat_101_obj.rds, small_seurat_102_obj.rds, small_seurat_103_obj.rds)
filtered_small_seurat_103_obj.html (missing locally, parent dir not present)
Removing output files of failed job create_first since they might be corrupted:
foo_103
Shutting down, this might take some time.
Exiting because a job execution failed. Look above for error message
Complete log: .snakemake\log\2024-12-13T180646.002616.snakemake.log
WorkflowError:
At least one job did not complete successfully.
