host: DESKTOP-ADLEJL2
Building DAG of jobs...
Provided cores: 2
Rules claiming more threads will be scaled down.
Job stats:
job             count
------------  -------
all                 1
create_first        1
downsample          1
total               3

Select jobs to execute...
Execute 1 jobs...

[Mon Dec 16 14:54:01 2024]
localrule downsample:
    input: ../../raw_data/wendisch_et_al_final/oli_github/Monocytes.Rds
    output: intermediate_data/small_seurat_103_obj.rds
    jobid: 2
    reason: Missing output files: intermediate_data/small_seurat_103_obj.rds; Code has changed since last execution
    wildcards: size=103
    resources: tmpdir=C:\Users\Danne\AppData\Local\Temp

[Mon Dec 16 14:54:01 2024]
Error in rule downsample:
    jobid: 2
    input: ../../raw_data/wendisch_et_al_final/oli_github/Monocytes.Rds
    output: intermediate_data/small_seurat_103_obj.rds
    shell:
        
      cp render 1_first.qmd dingsdabums.qmd &&       quarto render 1_first.qmd -P downsample_size=103       -o small_seurat_103_obj.html

      
        (one of the commands exited with non-zero exit code; note that snakemake uses bash strict mode!)

Shutting down, this might take some time.
Exiting because a job execution failed. Look above for error message
Complete log: .snakemake\log\2024-12-16T145401.044405.snakemake.log
WorkflowError:
At least one job did not complete successfully.
