host: DESKTOP-ADLEJL2
Building DAG of jobs...
Provided cores: 1 (use --cores to define parallelism)
Rules claiming more threads will be scaled down.
Job stats:
job             count
------------  -------
all                 1
create_first        1
total               2

Select jobs to execute...
Execute 1 jobs...

[Mon Dec 16 15:38:48 2024]
localrule create_first:
    input: user_input.xlsx, intermediate_data/small_seurat_101_obj.rds
    output: intermediate_data/filtered_small_seurat_101_obj.rds, output/reports/filtered_small_seurat_101_obj.html
    jobid: 1
    reason: Missing output files: intermediate_data/filtered_small_seurat_101_obj.rds
    wildcards: size=101
    resources: tmpdir=C:\Users\Danne\AppData\Local\Temp

[Mon Dec 16 15:39:05 2024]
Finished job 1.
1 of 2 steps (50%) done
Select jobs to execute...
Execute 1 jobs...

[Mon Dec 16 15:39:05 2024]
localrule all:
    input: intermediate_data/filtered_small_seurat_101_obj.rds, intermediate_data/filtered_small_seurat_102_obj.rds, intermediate_data/filtered_small_seurat_103_obj.rds, output/reports/filtered_small_seurat_101_obj.html, output/reports/filtered_small_seurat_102_obj.html, output/reports/filtered_small_seurat_103_obj.html
    jobid: 0
    reason: Input files updated by another job: output/reports/filtered_small_seurat_101_obj.html, intermediate_data/filtered_small_seurat_101_obj.rds
    resources: tmpdir=C:\Users\Danne\AppData\Local\Temp

[Mon Dec 16 15:39:05 2024]
Finished job 0.
2 of 2 steps (100%) done
Complete log: .snakemake\log\2024-12-16T153848.768473.snakemake.log
