host: DESKTOP-ADLEJL2
Building DAG of jobs...
Provided cores: 1 (use --cores to define parallelism)
Rules claiming more threads will be scaled down.
Job stats:
job             count
------------  -------
all                 1
create_first        3
downsample          3
total               7

Select jobs to execute...
Execute 1 jobs...

[Fri Dec 13 17:50:46 2024]
localrule downsample:
    input: ../../raw_data/wendisch_et_al_final/oli_github/Monocytes.Rds
    output: intermediate_data/small_seurat_103_obj.rds
    jobid: 6
    reason: Missing output files: intermediate_data/small_seurat_103_obj.rds
    wildcards: size=103
    resources: tmpdir=C:\Users\Danne\AppData\Local\Temp

quarto render 1_first.qmd -P downsample_size=103
[Fri Dec 13 17:51:01 2024]
Finished job 6.
1 of 7 steps (14%) done
Select jobs to execute...
Execute 1 jobs...

[Fri Dec 13 17:51:01 2024]
localrule downsample:
    input: ../../raw_data/wendisch_et_al_final/oli_github/Monocytes.Rds
    output: intermediate_data/small_seurat_102_obj.rds
    jobid: 4
    reason: Missing output files: intermediate_data/small_seurat_102_obj.rds
    wildcards: size=102
    resources: tmpdir=C:\Users\Danne\AppData\Local\Temp

quarto render 1_first.qmd -P downsample_size=102
[Fri Dec 13 17:51:15 2024]
Finished job 4.
2 of 7 steps (29%) done
Select jobs to execute...
Execute 1 jobs...

[Fri Dec 13 17:51:15 2024]
localrule downsample:
    input: ../../raw_data/wendisch_et_al_final/oli_github/Monocytes.Rds
    output: intermediate_data/small_seurat_101_obj.rds
    jobid: 2
    reason: Missing output files: intermediate_data/small_seurat_101_obj.rds
    wildcards: size=101
    resources: tmpdir=C:\Users\Danne\AppData\Local\Temp

quarto render 1_first.qmd -P downsample_size=101
[Fri Dec 13 17:51:29 2024]
Finished job 2.
3 of 7 steps (43%) done
Select jobs to execute...
Execute 1 jobs...

[Fri Dec 13 17:51:29 2024]
localrule create_first:
    input: user_input.xlsx, intermediate_data/small_seurat_102_obj.rds
    output: intermediate_data/filtered_small_seurat_102_obj.rds, filtered_small_seurat_102_obj.html, foo_102
    jobid: 3
    reason: Missing output files: intermediate_data/filtered_small_seurat_102_obj.rds; Input files updated by another job: intermediate_data/small_seurat_102_obj.rds
    wildcards: size=102
    resources: tmpdir=C:\Users\Danne\AppData\Local\Temp


        mkdir foo_102 || true
        pushd foo_102
        quarto render ../2_second.qmd -P downsample_size=102           -o tmp.html
        popd
        move foo_102/tmp.html filtered_small_seurat_102_obj.html
        
Waiting at most 5 seconds for missing files.
MissingOutputException in rule create_first in file C:\Users\Danne\R_projects\quarto_reproducibility_workflow\Snakefile, line 15:
Job 3  completed successfully, but some output files are missing. Missing files after 5 seconds. This might be due to filesystem latency. If that is the case, consider to increase the wait time with --latency-wait:
intermediate_data/filtered_small_seurat_102_obj.rds (missing locally, parent dir contents: small_seurat_101_obj.rds, small_seurat_102_obj.rds, small_seurat_103_obj.rds)
filtered_small_seurat_102_obj.html (missing locally, parent dir not present)
Removing output files of failed job create_first since they might be corrupted:
foo_102
Shutting down, this might take some time.
Exiting because a job execution failed. Look above for error message
Complete log: .snakemake\log\2024-12-13T175046.955864.snakemake.log
WorkflowError:
At least one job did not complete successfully.
