host: DESKTOP-ADLEJL2
Building DAG of jobs...
Provided cores: 4
Rules claiming more threads will be scaled down.
Job stats:
job             count
------------  -------
all                 1
create_first        3
downsample          3
total               7

Select jobs to execute...
Execute 3 jobs...

[Mon Dec 16 15:27:55 2024]
localrule downsample:
    input: ../../raw_data/mock_data/Monocytes_103.Rds
    output: intermediate_data/small_seurat_103_obj.rds
    jobid: 6
    reason: Missing output files: intermediate_data/small_seurat_103_obj.rds
    wildcards: size=103
    resources: tmpdir=C:\Users\Danne\AppData\Local\Temp


[Mon Dec 16 15:27:55 2024]
localrule downsample:
    input: ../../raw_data/mock_data/Monocytes_102.Rds
    output: intermediate_data/small_seurat_102_obj.rds
    jobid: 4
    reason: Missing output files: intermediate_data/small_seurat_102_obj.rds
    wildcards: size=102
    resources: tmpdir=C:\Users\Danne\AppData\Local\Temp


[Mon Dec 16 15:27:55 2024]
localrule downsample:
    input: ../../raw_data/mock_data/Monocytes_101.Rds
    output: intermediate_data/small_seurat_101_obj.rds
    jobid: 2
    reason: Missing output files: intermediate_data/small_seurat_101_obj.rds
    wildcards: size=101
    resources: tmpdir=C:\Users\Danne\AppData\Local\Temp

[Mon Dec 16 15:28:34 2024]
Error in rule downsample:
    jobid: 6
    input: ../../raw_data/mock_data/Monocytes_103.Rds
    output: intermediate_data/small_seurat_103_obj.rds
    shell:
        
      cp 1_first.qmd 103_first_temp.qmd &&       quarto render 103_first_temp.qmd -P downsample_size=103       -o small_seurat_103_obj.html &&      rm 103_first_temp.qmd 

      
        (one of the commands exited with non-zero exit code; note that snakemake uses bash strict mode!)

[Mon Dec 16 15:28:34 2024]
[Mon Dec 16 15:28:34 2024]
Error in rule downsample:
    jobid: 4
    input: ../../raw_data/mock_data/Monocytes_102.Rds
    output: intermediate_data/small_seurat_102_obj.rds
    shell:
        
      cp 1_first.qmd 102_first_temp.qmd &&       quarto render 102_first_temp.qmd -P downsample_size=102       -o small_seurat_102_obj.html &&      rm 102_first_temp.qmd 

      
        (one of the commands exited with non-zero exit code; note that snakemake uses bash strict mode!)

Error in rule downsample:
    jobid: 2
    input: ../../raw_data/mock_data/Monocytes_101.Rds
    output: intermediate_data/small_seurat_101_obj.rds
    shell:
        
      cp 1_first.qmd 101_first_temp.qmd &&       quarto render 101_first_temp.qmd -P downsample_size=101       -o small_seurat_101_obj.html &&      rm 101_first_temp.qmd 

      
        (one of the commands exited with non-zero exit code; note that snakemake uses bash strict mode!)

Shutting down, this might take some time.
Exiting because a job execution failed. Look above for error message
Complete log: .snakemake\log\2024-12-16T152755.361122.snakemake.log
WorkflowError:
At least one job did not complete successfully.
