host: DESKTOP-ADLEJL2
Building DAG of jobs...
Provided cores: 1 (use --cores to define parallelism)
Rules claiming more threads will be scaled down.
Job stats:
job             count
------------  -------
all                 1
create_first        3
downsample          3
total               7

Select jobs to execute...
Execute 1 jobs...

[Fri Dec 13 16:09:44 2024]
localrule downsample:
    input: ../../raw_data/wendisch_et_al_final/oli_github/Monocytes.Rds
    output: intermediate_data/small_seurat_103_obj.rds
    jobid: 6
    reason: Missing output files: intermediate_data/small_seurat_103_obj.rds
    wildcards: size=103
    resources: tmpdir=C:\Users\Danne\AppData\Local\Temp

[Fri Dec 13 16:09:58 2024]
Finished job 6.
1 of 7 steps (14%) done
Select jobs to execute...
Execute 1 jobs...

[Fri Dec 13 16:09:58 2024]
localrule downsample:
    input: ../../raw_data/wendisch_et_al_final/oli_github/Monocytes.Rds
    output: intermediate_data/small_seurat_101_obj.rds
    jobid: 2
    reason: Missing output files: intermediate_data/small_seurat_101_obj.rds
    wildcards: size=101
    resources: tmpdir=C:\Users\Danne\AppData\Local\Temp

[Fri Dec 13 16:10:12 2024]
Finished job 2.
2 of 7 steps (29%) done
Select jobs to execute...
Execute 1 jobs...

[Fri Dec 13 16:10:12 2024]
localrule downsample:
    input: ../../raw_data/wendisch_et_al_final/oli_github/Monocytes.Rds
    output: intermediate_data/small_seurat_102_obj.rds
    jobid: 4
    reason: Missing output files: intermediate_data/small_seurat_102_obj.rds
    wildcards: size=102
    resources: tmpdir=C:\Users\Danne\AppData\Local\Temp

[Fri Dec 13 16:10:26 2024]
Finished job 4.
3 of 7 steps (43%) done
Select jobs to execute...
Execute 1 jobs...

[Fri Dec 13 16:10:26 2024]
localrule create_first:
    input: user_input.xlsx, intermediate_data/small_seurat_103_obj.rds
    output: intermediate_data/filtered_small_seurat_103_obj.rds
    jobid: 5
    reason: Missing output files: intermediate_data/filtered_small_seurat_103_obj.rds; Input files updated by another job: intermediate_data/small_seurat_103_obj.rds
    wildcards: size=103
    resources: tmpdir=C:\Users\Danne\AppData\Local\Temp

Waiting at most 5 seconds for missing files.
MissingOutputException in rule create_first in file C:\Users\Danne\R_projects\quarto_reproducibility_workflow\Snakefile, line 11:
Job 5  completed successfully, but some output files are missing. Missing files after 5 seconds. This might be due to filesystem latency. If that is the case, consider to increase the wait time with --latency-wait:
intermediate_data/filtered_small_seurat_103_obj.rds (missing locally, parent dir contents: filtered_small_seurat_100_obj.rds, filtered_small_seurat_101_obj.rds, small_seurat_100_obj.rds, small_seurat_101_obj.rds, small_seurat_102_obj.rds, small_seurat_103_obj.rds, small_seurat_120_obj.rds, small_seurat_155_obj.rds, small_seurat_62_obj.rds)
Shutting down, this might take some time.
Exiting because a job execution failed. Look above for error message
Complete log: .snakemake\log\2024-12-13T160944.738405.snakemake.log
WorkflowError:
At least one job did not complete successfully.
