host: DESKTOP-ADLEJL2
Building DAG of jobs...
Provided cores: 8
Rules claiming more threads will be scaled down.
Job stats:
job             count
------------  -------
all                 1
create_first        1
total               2

Select jobs to execute...
Execute 1 jobs...

[Mon Dec 16 10:40:05 2024]
localrule create_first:
    input: user_input.xlsx, intermediate_data/small_seurat_103_obj.rds
    output: intermediate_data/filtered_small_seurat_103_obj.rds, filtered_small_seurat_103_obj.html, foo_103
    jobid: 5
    reason: Missing output files: intermediate_data/filtered_small_seurat_103_obj.rds
    wildcards: size=103
    resources: tmpdir=C:\Users\Danne\AppData\Local\Temp

[Mon Dec 16 10:40:20 2024]
Error in rule create_first:
    jobid: 5
    input: user_input.xlsx, intermediate_data/small_seurat_103_obj.rds
    output: intermediate_data/filtered_small_seurat_103_obj.rds, filtered_small_seurat_103_obj.html, foo_103
    shell:
        
        quarto render 2_second.qmd -P downsample_size=103 
        
        (one of the commands exited with non-zero exit code; note that snakemake uses bash strict mode!)

Shutting down, this might take some time.
Exiting because a job execution failed. Look above for error message
Complete log: .snakemake\log\2024-12-16T104005.421837.snakemake.log
WorkflowError:
At least one job did not complete successfully.
