host: DESKTOP-ADLEJL2
Building DAG of jobs...
Provided cores: 4
Rules claiming more threads will be scaled down.
Job stats:
job             count
------------  -------
all                 1
create_first        3
downsample          3
total               7

Select jobs to execute...
Execute 3 jobs...

[Mon Dec 16 15:36:00 2024]
localrule downsample:
    input: ../../raw_data/mock_data/Monocytes_103.Rds
    output: intermediate_data/small_seurat_103_obj.rds
    jobid: 6
    reason: Missing output files: intermediate_data/small_seurat_103_obj.rds
    wildcards: size=103
    resources: tmpdir=C:\Users\Danne\AppData\Local\Temp


[Mon Dec 16 15:36:00 2024]
localrule downsample:
    input: ../../raw_data/mock_data/Monocytes_102.Rds
    output: intermediate_data/small_seurat_102_obj.rds
    jobid: 4
    reason: Missing output files: intermediate_data/small_seurat_102_obj.rds
    wildcards: size=102
    resources: tmpdir=C:\Users\Danne\AppData\Local\Temp


[Mon Dec 16 15:36:00 2024]
localrule downsample:
    input: ../../raw_data/mock_data/Monocytes_101.Rds
    output: intermediate_data/small_seurat_101_obj.rds
    jobid: 2
    reason: Missing output files: intermediate_data/small_seurat_101_obj.rds
    wildcards: size=101
    resources: tmpdir=C:\Users\Danne\AppData\Local\Temp

[Mon Dec 16 15:36:21 2024]
Finished job 4.
1 of 7 steps (14%) done
Select jobs to execute...
Execute 1 jobs...

[Mon Dec 16 15:36:21 2024]
localrule create_first:
    input: user_input.xlsx, intermediate_data/small_seurat_102_obj.rds
    output: intermediate_data/filtered_small_seurat_102_obj.rds, output/reports/filtered_small_seurat_102_obj.html
    jobid: 3
    reason: Missing output files: intermediate_data/filtered_small_seurat_102_obj.rds; Input files updated by another job: intermediate_data/small_seurat_102_obj.rds
    wildcards: size=102
    resources: tmpdir=C:\Users\Danne\AppData\Local\Temp

[Mon Dec 16 15:36:22 2024]
Finished job 2.
2 of 7 steps (29%) done
Select jobs to execute...
Execute 1 jobs...

[Mon Dec 16 15:36:22 2024]
localrule create_first:
    input: user_input.xlsx, intermediate_data/small_seurat_101_obj.rds
    output: intermediate_data/filtered_small_seurat_101_obj.rds, output/reports/filtered_small_seurat_101_obj.html
    jobid: 1
    reason: Missing output files: intermediate_data/filtered_small_seurat_101_obj.rds; Input files updated by another job: intermediate_data/small_seurat_101_obj.rds
    wildcards: size=101
    resources: tmpdir=C:\Users\Danne\AppData\Local\Temp

[Mon Dec 16 15:36:22 2024]
Finished job 6.
3 of 7 steps (43%) done
Select jobs to execute...
Execute 1 jobs...

[Mon Dec 16 15:36:22 2024]
localrule create_first:
    input: user_input.xlsx, intermediate_data/small_seurat_103_obj.rds
    output: intermediate_data/filtered_small_seurat_103_obj.rds, output/reports/filtered_small_seurat_103_obj.html
    jobid: 5
    reason: Missing output files: intermediate_data/filtered_small_seurat_103_obj.rds; Input files updated by another job: intermediate_data/small_seurat_103_obj.rds
    wildcards: size=103
    resources: tmpdir=C:\Users\Danne\AppData\Local\Temp

[Mon Dec 16 15:37:03 2024]
Finished job 3.
4 of 7 steps (57%) done
[Mon Dec 16 15:37:04 2024]
Finished job 5.
5 of 7 steps (71%) done
[Mon Dec 16 15:37:04 2024]
Finished job 1.
6 of 7 steps (86%) done
Select jobs to execute...
Execute 1 jobs...

[Mon Dec 16 15:37:04 2024]
localrule all:
    input: intermediate_data/filtered_small_seurat_101_obj.rds, intermediate_data/filtered_small_seurat_102_obj.rds, intermediate_data/filtered_small_seurat_103_obj.rds, output/reports/filtered_small_seurat_101_obj.html, output/reports/filtered_small_seurat_102_obj.html, output/reports/filtered_small_seurat_103_obj.html
    jobid: 0
    reason: Input files updated by another job: intermediate_data/filtered_small_seurat_101_obj.rds, output/reports/filtered_small_seurat_102_obj.html, output/reports/filtered_small_seurat_103_obj.html, intermediate_data/filtered_small_seurat_103_obj.rds, output/reports/filtered_small_seurat_101_obj.html, intermediate_data/filtered_small_seurat_102_obj.rds
    resources: tmpdir=C:\Users\Danne\AppData\Local\Temp

[Mon Dec 16 15:37:04 2024]
Finished job 0.
7 of 7 steps (100%) done
Complete log: .snakemake\log\2024-12-16T153600.117283.snakemake.log
