host: DESKTOP-ADLEJL2
Building DAG of jobs...
Provided cores: 4
Rules claiming more threads will be scaled down.
Job stats:
job             count
------------  -------
all                 1
create_first        1
total               2

Select jobs to execute...
Execute 1 jobs...

[Mon Dec 16 13:22:37 2024]
localrule create_first:
    input: user_input.xlsx, intermediate_data/small_seurat_101_obj.rds
    output: intermediate_data/filtered_small_seurat_101_obj.rds, output/reports/filtered_small_seurat_101_obj.html
    jobid: 1
    reason: Missing output files: output/reports/filtered_small_seurat_101_obj.html, intermediate_data/filtered_small_seurat_101_obj.rds
    wildcards: size=101
    resources: tmpdir=C:\Users\Danne\AppData\Local\Temp


        cp 2_second.qmd 101_second.qmd 
        quarto render 101_second.qmd  -P downsample_size=101         -o filtered_small_seurat_101_obj.html
        rm 101_second.qmd 
        
        
Waiting at most 5 seconds for missing files.
MissingOutputException in rule create_first in file C:\Users\Danne\R_projects\quarto_reproducibility_workflow\Snakefile, line 23:
Job 1  completed successfully, but some output files are missing. Missing files after 5 seconds. This might be due to filesystem latency. If that is the case, consider to increase the wait time with --latency-wait:
intermediate_data/filtered_small_seurat_101_obj.rds (missing locally, parent dir contents: small_seurat_101_obj.rds)
output/reports/filtered_small_seurat_101_obj.html (missing locally, parent dir contents: 101_first.html)
Shutting down, this might take some time.
Exiting because a job execution failed. Look above for error message
Complete log: .snakemake\log\2024-12-16T132237.183963.snakemake.log
WorkflowError:
At least one job did not complete successfully.
